---------------------------------------------------------------
[ 2020-07-16T10:05:18+08:00 ] 0.0.0.0 POST localhost:8080/cqcq/back_end/public/index.php/api/draw/verifyResults
[运行时间：0.169189s] [吞吐率：5.91req/s] [内存消耗：2,092.42kb] [文件加载：48]
[ info ] [ LANG ] D:\phpstudy_pro\WWW\CQCQ\back_end\thinkphp\lang\zh-cn.php
[ info ] [ ROUTE ] array (
  'type' => 'module',
  'module' => 
  array (
    0 => 'api',
    1 => 'draw',
    2 => 'verifyResults',
  ),
)
[ info ] [ HEADER ] array (
  'content-length' => '171',
  'content-type' => 'application/x-www-form-urlencoded',
  'connection' => 'close',
  'accept-encoding' => 'gzip, deflate, br',
  'host' => 'localhost:8080',
  'postman-token' => 'd3077e13-aa2f-40a6-bf0d-b5ed98b6f5a0',
  'accept' => '*/*',
  'user-agent' => 'PostmanRuntime/7.26.1',
)
[ info ] [ PARAM ] array (
  'grade' => '2017',
  'department' => '计算机工程系',
  'start_time' => '2020-07-16 00:30:00',
  'end_time' => '2020-07-16 22:30:00',
  'dorm_id' => '55',
  'rand_num' => '55',
)
[ info ] [ RUN ] app\api\controller\Draw->verifyResults[ D:\phpstudy_pro\WWW\CQCQ\back_end\application\api\controller\Draw.php ]
[ info ] [ DB ] INIT mysql
[ info ] [ LOG ] INIT File
[ sql ] [ DB ] CONNECT:[ UseTime:0.009133s ] mysql:host=127.0.0.1;dbname=CQCQ;charset=utf8
[ sql ] [ SQL ] SHOW COLUMNS FROM `record` [ RunTime:0.001711s ]
[ sql ] [ SQL ] DELETE FROM `record`    WHERE  `start_time` = '2020-07-16 00:30:00'  AND `end_time` = '2020-07-16 22:30:00' [ RunTime:0.003392s ]
[ sql ] [ SQL ] INSERT INTO `record` (`dorm_id` , `rand_num` , `start_time` , `end_time`) VALUES (55 , 55 , '2020-07-16 00:30:00' , '2020-07-16 22:30:00') [ RunTime:0.000388s ]
[ sql ] [ SQL ] SHOW COLUMNS FROM `dorm` [ RunTime:0.001223s ]
[ sql ] [ SQL ] SELECT `dorm_num` FROM `dorm` WHERE  `id` = 55 LIMIT 1 [ RunTime:0.000407s ]
---------------------------------------------------------------
[ 2020-07-16T10:05:35+08:00 ] 0.0.0.0 POST localhost:8080/cqcq/back_end/public/index.php/api/draw/verifyResults
[运行时间：0.055670s] [吞吐率：17.96req/s] [内存消耗：2,190.34kb] [文件加载：51]
[ info ] [ LANG ] D:\phpstudy_pro\WWW\CQCQ\back_end\thinkphp\lang\zh-cn.php
[ info ] [ ROUTE ] array (
  'type' => 'module',
  'module' => 
  array (
    0 => 'api',
    1 => 'draw',
    2 => 'verifyResults',
  ),
)
[ info ] [ HEADER ] array (
  'content-length' => '171',
  'content-type' => 'application/x-www-form-urlencoded',
  'connection' => 'close',
  'accept-encoding' => 'gzip, deflate, br',
  'host' => 'localhost:8080',
  'postman-token' => '8621597c-becf-4e35-bd6d-9e386dd4cb0b',
  'accept' => '*/*',
  'user-agent' => 'PostmanRuntime/7.26.1',
)
[ info ] [ PARAM ] array (
  'grade' => '2017',
  'department' => '计算机工程系',
  'start_time' => '2020-07-16 00:30:00',
  'end_time' => '2020-07-16 22:30:00',
  'dorm_id' => '55',
  'rand_num' => '55',
)
[ info ] [ RUN ] app\api\controller\Draw->verifyResults[ D:\phpstudy_pro\WWW\CQCQ\back_end\application\api\controller\Draw.php ]
[ info ] [ DB ] INIT mysql
[ info ] [ LOG ] INIT File
[ sql ] [ DB ] CONNECT:[ UseTime:0.001400s ] mysql:host=127.0.0.1;dbname=CQCQ;charset=utf8
[ sql ] [ SQL ] SHOW COLUMNS FROM `record` [ RunTime:0.001240s ]
[ sql ] [ SQL ] DELETE FROM `record`    WHERE  `start_time` = '2020-07-16 00:30:00'  AND `end_time` = '2020-07-16 22:30:00' [ RunTime:0.000529s ]
[ sql ] [ SQL ] INSERT INTO `record` (`dorm_id` , `rand_num` , `start_time` , `end_time`) VALUES (55 , 55 , '2020-07-16 00:30:00' , '2020-07-16 22:30:00') [ RunTime:0.000325s ]
[ sql ] [ SQL ] SHOW COLUMNS FROM `dorm` [ RunTime:0.001490s ]
[ sql ] [ SQL ] SELECT `dorm_num` FROM `dorm` WHERE  `id` = 55 LIMIT 1 [ RunTime:0.000436s ]
[ error ] [8]未定义数组下标: 0[D:\phpstudy_pro\WWW\CQCQ\back_end\application\api\controller\Draw.php:285]
---------------------------------------------------------------
[ 2020-07-16T10:05:56+08:00 ] 0.0.0.0 POST localhost:8080/cqcq/back_end/public/index.php/api/draw/verifyResults
[运行时间：0.062671s] [吞吐率：15.96req/s] [内存消耗：2,092.43kb] [文件加载：48]
[ info ] [ LANG ] D:\phpstudy_pro\WWW\CQCQ\back_end\thinkphp\lang\zh-cn.php
[ info ] [ ROUTE ] array (
  'type' => 'module',
  'module' => 
  array (
    0 => 'api',
    1 => 'draw',
    2 => 'verifyResults',
  ),
)
[ info ] [ HEADER ] array (
  'content-length' => '171',
  'content-type' => 'application/x-www-form-urlencoded',
  'connection' => 'close',
  'accept-encoding' => 'gzip, deflate, br',
  'host' => 'localhost:8080',
  'postman-token' => '8ce0872c-58ba-4ea7-a217-ae5cfb1e84ab',
  'accept' => '*/*',
  'user-agent' => 'PostmanRuntime/7.26.1',
)
[ info ] [ PARAM ] array (
  'grade' => '2017',
  'department' => '计算机工程系',
  'start_time' => '2020-07-16 00:30:00',
  'end_time' => '2020-07-16 22:30:00',
  'dorm_id' => '55',
  'rand_num' => '55',
)
[ info ] [ RUN ] app\api\controller\Draw->verifyResults[ D:\phpstudy_pro\WWW\CQCQ\back_end\application\api\controller\Draw.php ]
[ info ] [ DB ] INIT mysql
[ info ] [ LOG ] INIT File
[ sql ] [ DB ] CONNECT:[ UseTime:0.001928s ] mysql:host=127.0.0.1;dbname=CQCQ;charset=utf8
[ sql ] [ SQL ] SHOW COLUMNS FROM `record` [ RunTime:0.001569s ]
[ sql ] [ SQL ] DELETE FROM `record`    WHERE  `start_time` = '2020-07-16 00:30:00'  AND `end_time` = '2020-07-16 22:30:00' [ RunTime:0.000717s ]
[ sql ] [ SQL ] INSERT INTO `record` (`dorm_id` , `rand_num` , `start_time` , `end_time`) VALUES (55 , 55 , '2020-07-16 00:30:00' , '2020-07-16 22:30:00') [ RunTime:0.000441s ]
[ sql ] [ SQL ] SHOW COLUMNS FROM `dorm` [ RunTime:0.001627s ]
[ sql ] [ SQL ] SELECT `dorm_num` FROM `dorm` WHERE  `id` = 55 LIMIT 1 [ RunTime:0.000459s ]
---------------------------------------------------------------
[ 2020-07-16T10:05:58+08:00 ] 0.0.0.0 POST localhost:8080/cqcq/back_end/public/index.php/api/draw/verifyResults
[运行时间：0.066194s] [吞吐率：15.11req/s] [内存消耗：2,092.43kb] [文件加载：48]
[ info ] [ LANG ] D:\phpstudy_pro\WWW\CQCQ\back_end\thinkphp\lang\zh-cn.php
[ info ] [ ROUTE ] array (
  'type' => 'module',
  'module' => 
  array (
    0 => 'api',
    1 => 'draw',
    2 => 'verifyResults',
  ),
)
[ info ] [ HEADER ] array (
  'content-length' => '171',
  'content-type' => 'application/x-www-form-urlencoded',
  'connection' => 'close',
  'accept-encoding' => 'gzip, deflate, br',
  'host' => 'localhost:8080',
  'postman-token' => '6d9fe5bd-0b67-4029-a0c8-2de30523de03',
  'accept' => '*/*',
  'user-agent' => 'PostmanRuntime/7.26.1',
)
[ info ] [ PARAM ] array (
  'grade' => '2017',
  'department' => '计算机工程系',
  'start_time' => '2020-07-16 00:30:00',
  'end_time' => '2020-07-16 22:30:00',
  'dorm_id' => '55',
  'rand_num' => '55',
)
[ info ] [ RUN ] app\api\controller\Draw->verifyResults[ D:\phpstudy_pro\WWW\CQCQ\back_end\application\api\controller\Draw.php ]
[ info ] [ DB ] INIT mysql
[ info ] [ LOG ] INIT File
[ sql ] [ DB ] CONNECT:[ UseTime:0.001808s ] mysql:host=127.0.0.1;dbname=CQCQ;charset=utf8
[ sql ] [ SQL ] SHOW COLUMNS FROM `record` [ RunTime:0.001815s ]
[ sql ] [ SQL ] DELETE FROM `record`    WHERE  `start_time` = '2020-07-16 00:30:00'  AND `end_time` = '2020-07-16 22:30:00' [ RunTime:0.000798s ]
[ sql ] [ SQL ] INSERT INTO `record` (`dorm_id` , `rand_num` , `start_time` , `end_time`) VALUES (55 , 55 , '2020-07-16 00:30:00' , '2020-07-16 22:30:00') [ RunTime:0.000515s ]
[ sql ] [ SQL ] SHOW COLUMNS FROM `dorm` [ RunTime:0.001593s ]
[ sql ] [ SQL ] SELECT `dorm_num` FROM `dorm` WHERE  `id` = 55 LIMIT 1 [ RunTime:0.000398s ]
---------------------------------------------------------------
[ 2020-07-16T10:08:10+08:00 ] 0.0.0.0 POST localhost:8080/cqcq/back_end/public/index.php/api/draw/verifyResults
[运行时间：0.072360s] [吞吐率：13.82req/s] [内存消耗：2,194.36kb] [文件加载：51]
[ info ] [ LANG ] D:\phpstudy_pro\WWW\CQCQ\back_end\thinkphp\lang\zh-cn.php
[ info ] [ ROUTE ] array (
  'type' => 'module',
  'module' => 
  array (
    0 => 'api',
    1 => 'draw',
    2 => 'verifyResults',
  ),
)
[ info ] [ HEADER ] array (
  'content-length' => '171',
  'content-type' => 'application/x-www-form-urlencoded',
  'connection' => 'close',
  'accept-encoding' => 'gzip, deflate, br',
  'host' => 'localhost:8080',
  'postman-token' => '4703143e-4c4e-427c-b394-1fe29bdac4e4',
  'accept' => '*/*',
  'user-agent' => 'PostmanRuntime/7.26.1',
)
[ info ] [ PARAM ] array (
  'grade' => '2017',
  'department' => '计算机工程系',
  'start_time' => '2020-07-16 00:30:00',
  'end_time' => '2020-07-16 22:30:00',
  'dorm_id' => '55',
  'rand_num' => '55',
)
[ info ] [ RUN ] app\api\controller\Draw->verifyResults[ D:\phpstudy_pro\WWW\CQCQ\back_end\application\api\controller\Draw.php ]
[ info ] [ DB ] INIT mysql
[ info ] [ LOG ] INIT File
[ sql ] [ DB ] CONNECT:[ UseTime:0.001818s ] mysql:host=127.0.0.1;dbname=CQCQ;charset=utf8
[ sql ] [ SQL ] SHOW COLUMNS FROM `record` [ RunTime:0.001343s ]
[ sql ] [ SQL ] DELETE FROM `record`    WHERE  `start_time` = '2020-07-16 00:30:00'  AND `end_time` = '2020-07-16 22:30:00' [ RunTime:0.000533s ]
[ sql ] [ SQL ] INSERT INTO `record` (`dorm_id` , `rand_num` , `start_time` , `end_time`) VALUES (55 , 55 , '2020-07-16 00:30:00' , '2020-07-16 22:30:00') [ RunTime:0.000301s ]
[ sql ] [ SQL ] SHOW COLUMNS FROM `dorm` [ RunTime:0.001070s ]
[ sql ] [ SQL ] SELECT `dorm_num` FROM `dorm` WHERE  `id` = 55 LIMIT 1 [ RunTime:0.000341s ]
[ sql ] [ SQL ] SHOW COLUMNS FROM `student` [ RunTime:0.000989s ]
[ error ] [8]未定义数组下标: 0[D:\phpstudy_pro\WWW\CQCQ\back_end\thinkphp\library\think\db\Builder.php:323]
---------------------------------------------------------------
[ 2020-07-16T10:09:22+08:00 ] 0.0.0.0 POST localhost:8080/cqcq/back_end/public/index.php/api/draw/verifyResults
[运行时间：0.062988s] [吞吐率：15.88req/s] [内存消耗：2,096.24kb] [文件加载：48]
[ info ] [ LANG ] D:\phpstudy_pro\WWW\CQCQ\back_end\thinkphp\lang\zh-cn.php
[ info ] [ ROUTE ] array (
  'type' => 'module',
  'module' => 
  array (
    0 => 'api',
    1 => 'draw',
    2 => 'verifyResults',
  ),
)
[ info ] [ HEADER ] array (
  'content-length' => '171',
  'content-type' => 'application/x-www-form-urlencoded',
  'connection' => 'close',
  'accept-encoding' => 'gzip, deflate, br',
  'host' => 'localhost:8080',
  'postman-token' => '529ef690-df6b-486b-8436-26de2eb7d38f',
  'accept' => '*/*',
  'user-agent' => 'PostmanRuntime/7.26.1',
)
[ info ] [ PARAM ] array (
  'grade' => '2017',
  'department' => '计算机工程系',
  'start_time' => '2020-07-16 00:30:00',
  'end_time' => '2020-07-16 22:30:00',
  'dorm_id' => '55',
  'rand_num' => '55',
)
[ info ] [ RUN ] app\api\controller\Draw->verifyResults[ D:\phpstudy_pro\WWW\CQCQ\back_end\application\api\controller\Draw.php ]
[ info ] [ DB ] INIT mysql
[ info ] [ LOG ] INIT File
[ sql ] [ DB ] CONNECT:[ UseTime:0.001904s ] mysql:host=127.0.0.1;dbname=CQCQ;charset=utf8
[ sql ] [ SQL ] SHOW COLUMNS FROM `record` [ RunTime:0.001725s ]
[ sql ] [ SQL ] DELETE FROM `record`    WHERE  `start_time` = '2020-07-16 00:30:00'  AND `end_time` = '2020-07-16 22:30:00' [ RunTime:0.000712s ]
[ sql ] [ SQL ] INSERT INTO `record` (`dorm_id` , `rand_num` , `start_time` , `end_time`) VALUES (55 , 55 , '2020-07-16 00:30:00' , '2020-07-16 22:30:00') [ RunTime:0.000366s ]
[ sql ] [ SQL ] SHOW COLUMNS FROM `dorm` [ RunTime:0.001483s ]
[ sql ] [ SQL ] SELECT `dorm_num` FROM `dorm` WHERE  `id` = 55 LIMIT 1 [ RunTime:0.000352s ]
[ sql ] [ SQL ] SHOW COLUMNS FROM `student` [ RunTime:0.001449s ]
[ sql ] [ SQL ] SELECT `id` FROM `student` WHERE  `dorm` = '东二#410' [ RunTime:0.000509s ]
---------------------------------------------------------------
[ 2020-07-16T10:16:49+08:00 ] 0.0.0.0 POST localhost:8080/cqcq/back_end/public/index.php/api/draw/verifyResults
[运行时间：0.081044s] [吞吐率：12.34req/s] [内存消耗：2,197.05kb] [文件加载：51]
[ info ] [ LANG ] D:\phpstudy_pro\WWW\CQCQ\back_end\thinkphp\lang\zh-cn.php
[ info ] [ ROUTE ] array (
  'type' => 'module',
  'module' => 
  array (
    0 => 'api',
    1 => 'draw',
    2 => 'verifyResults',
  ),
)
[ info ] [ HEADER ] array (
  'content-length' => '171',
  'content-type' => 'application/x-www-form-urlencoded',
  'connection' => 'close',
  'accept-encoding' => 'gzip, deflate, br',
  'host' => 'localhost:8080',
  'postman-token' => '8d1e9a8c-a770-4665-9b41-6c8b212d0260',
  'accept' => '*/*',
  'user-agent' => 'PostmanRuntime/7.26.1',
)
[ info ] [ PARAM ] array (
  'grade' => '2017',
  'department' => '计算机工程系',
  'start_time' => '2020-07-16 00:30:00',
  'end_time' => '2020-07-16 22:30:00',
  'dorm_id' => '55',
  'rand_num' => '55',
)
[ info ] [ RUN ] app\api\controller\Draw->verifyResults[ D:\phpstudy_pro\WWW\CQCQ\back_end\application\api\controller\Draw.php ]
[ info ] [ DB ] INIT mysql
[ info ] [ LOG ] INIT File
[ sql ] [ DB ] CONNECT:[ UseTime:0.001935s ] mysql:host=127.0.0.1;dbname=CQCQ;charset=utf8
[ sql ] [ SQL ] SHOW COLUMNS FROM `record` [ RunTime:0.001722s ]
[ sql ] [ SQL ] DELETE FROM `record`    WHERE  `start_time` = '2020-07-16 00:30:00'  AND `end_time` = '2020-07-16 22:30:00' [ RunTime:0.000767s ]
[ sql ] [ SQL ] INSERT INTO `record` (`dorm_id` , `rand_num` , `start_time` , `end_time`) VALUES (55 , 55 , '2020-07-16 00:30:00' , '2020-07-16 22:30:00') [ RunTime:0.000465s ]
[ sql ] [ SQL ] SHOW COLUMNS FROM `dorm` [ RunTime:0.001075s ]
[ sql ] [ SQL ] SELECT `dorm_num` FROM `dorm` WHERE  `id` = 55 LIMIT 1 [ RunTime:0.000357s ]
[ sql ] [ SQL ] SHOW COLUMNS FROM `student` [ RunTime:0.001318s ]
[ sql ] [ SQL ] SELECT `id` FROM `student` WHERE  `dorm` = '东二#410' [ RunTime:0.000467s ]
[ sql ] [ SQL ] SHOW COLUMNS FROM `result` [ RunTime:0.006360s ]
[ error ] [8]未定义数组下标: 0[D:\phpstudy_pro\WWW\CQCQ\back_end\thinkphp\library\think\db\Builder.php:120]
---------------------------------------------------------------
[ 2020-07-16T10:17:18+08:00 ] 0.0.0.0 POST localhost:8080/cqcq/back_end/public/index.php/api/draw/verifyResults
[运行时间：0.052233s] [吞吐率：19.14req/s] [内存消耗：2,157.26kb] [文件加载：51]
[ info ] [ LANG ] D:\phpstudy_pro\WWW\CQCQ\back_end\thinkphp\lang\zh-cn.php
[ info ] [ ROUTE ] array (
  'type' => 'module',
  'module' => 
  array (
    0 => 'api',
    1 => 'draw',
    2 => 'verifyResults',
  ),
)
[ info ] [ HEADER ] array (
  'content-length' => '171',
  'content-type' => 'application/x-www-form-urlencoded',
  'connection' => 'close',
  'accept-encoding' => 'gzip, deflate, br',
  'host' => 'localhost:8080',
  'postman-token' => 'f34f8511-f49a-4c3f-935e-accd4765cb23',
  'accept' => '*/*',
  'user-agent' => 'PostmanRuntime/7.26.1',
)
[ info ] [ PARAM ] array (
  'grade' => '2017',
  'department' => '计算机工程系',
  'start_time' => '2020-07-16 00:30:00',
  'end_time' => '2020-07-16 22:30:00',
  'dorm_id' => '55',
  'rand_num' => '55',
)
[ info ] [ RUN ] app\api\controller\Draw->verifyResults[ D:\phpstudy_pro\WWW\CQCQ\back_end\application\api\controller\Draw.php ]
[ info ] [ DB ] INIT mysql
[ info ] [ LOG ] INIT File
[ sql ] [ DB ] CONNECT:[ UseTime:0.001561s ] mysql:host=127.0.0.1;dbname=CQCQ;charset=utf8
[ sql ] [ SQL ] SHOW COLUMNS FROM `record` [ RunTime:0.001128s ]
[ sql ] [ SQL ] DELETE FROM `record`    WHERE  `start_time` = '2020-07-16 00:30:00'  AND `end_time` = '2020-07-16 22:30:00' [ RunTime:0.000536s ]
[ sql ] [ SQL ] INSERT INTO `record` (`dorm_id` , `rand_num` , `start_time` , `end_time`) VALUES (55 , 55 , '2020-07-16 00:30:00' , '2020-07-16 22:30:00') [ RunTime:0.000299s ]
[ error ] [8]未定义变量: result[D:\phpstudy_pro\WWW\CQCQ\back_end\application\api\controller\Draw.php:293]
---------------------------------------------------------------
[ 2020-07-16T10:18:38+08:00 ] 0.0.0.0 POST localhost:8080/cqcq/back_end/public/index.php/api/draw/verifyResults
[运行时间：0.073116s] [吞吐率：13.68req/s] [内存消耗：2,197.05kb] [文件加载：51]
[ info ] [ LANG ] D:\phpstudy_pro\WWW\CQCQ\back_end\thinkphp\lang\zh-cn.php
[ info ] [ ROUTE ] array (
  'type' => 'module',
  'module' => 
  array (
    0 => 'api',
    1 => 'draw',
    2 => 'verifyResults',
  ),
)
[ info ] [ HEADER ] array (
  'content-length' => '171',
  'content-type' => 'application/x-www-form-urlencoded',
  'connection' => 'close',
  'accept-encoding' => 'gzip, deflate, br',
  'host' => 'localhost:8080',
  'postman-token' => 'fb0e9c2a-a81e-49e0-a119-65fe3930f486',
  'accept' => '*/*',
  'user-agent' => 'PostmanRuntime/7.26.1',
)
[ info ] [ PARAM ] array (
  'grade' => '2017',
  'department' => '计算机工程系',
  'start_time' => '2020-07-16 00:30:00',
  'end_time' => '2020-07-16 22:30:00',
  'dorm_id' => '55',
  'rand_num' => '55',
)
[ info ] [ RUN ] app\api\controller\Draw->verifyResults[ D:\phpstudy_pro\WWW\CQCQ\back_end\application\api\controller\Draw.php ]
[ info ] [ DB ] INIT mysql
[ info ] [ LOG ] INIT File
[ sql ] [ DB ] CONNECT:[ UseTime:0.001974s ] mysql:host=127.0.0.1;dbname=CQCQ;charset=utf8
[ sql ] [ SQL ] SHOW COLUMNS FROM `record` [ RunTime:0.001986s ]
[ sql ] [ SQL ] DELETE FROM `record`    WHERE  `start_time` = '2020-07-16 00:30:00'  AND `end_time` = '2020-07-16 22:30:00' [ RunTime:0.000866s ]
[ sql ] [ SQL ] INSERT INTO `record` (`dorm_id` , `rand_num` , `start_time` , `end_time`) VALUES (55 , 55 , '2020-07-16 00:30:00' , '2020-07-16 22:30:00') [ RunTime:0.000417s ]
[ sql ] [ SQL ] SHOW COLUMNS FROM `dorm` [ RunTime:0.001584s ]
[ sql ] [ SQL ] SELECT `dorm_num` FROM `dorm` WHERE  `id` = 55 LIMIT 1 [ RunTime:0.000446s ]
[ sql ] [ SQL ] SHOW COLUMNS FROM `student` [ RunTime:0.001525s ]
[ sql ] [ SQL ] SELECT `id` FROM `student` WHERE  `dorm` = '东二#410' [ RunTime:0.000520s ]
[ sql ] [ SQL ] SHOW COLUMNS FROM `result` [ RunTime:0.006444s ]
[ error ] [8]未定义数组下标: 0[D:\phpstudy_pro\WWW\CQCQ\back_end\thinkphp\library\think\db\Builder.php:120]
---------------------------------------------------------------
[ 2020-07-16T10:19:45+08:00 ] 0.0.0.0 POST localhost:8080/cqcq/back_end/public/index.php/api/draw/verifyResults
[运行时间：0.186320s] [吞吐率：5.37req/s] [内存消耗：2,068.53kb] [文件加载：48]
[ info ] [ LANG ] D:\phpstudy_pro\WWW\CQCQ\back_end\thinkphp\lang\zh-cn.php
[ info ] [ ROUTE ] array (
  'type' => 'module',
  'module' => 
  array (
    0 => 'api',
    1 => 'draw',
    2 => 'verifyResults',
  ),
)
[ info ] [ HEADER ] array (
  'content-length' => '171',
  'content-type' => 'application/x-www-form-urlencoded',
  'connection' => 'close',
  'accept-encoding' => 'gzip, deflate, br',
  'host' => 'localhost:8080',
  'postman-token' => 'f5c00372-2ac8-4f5a-bf89-132975e857f3',
  'accept' => '*/*',
  'user-agent' => 'PostmanRuntime/7.26.1',
)
[ info ] [ PARAM ] array (
  'grade' => '2017',
  'department' => '计算机工程系',
  'start_time' => '2020-07-16 00:30:00',
  'end_time' => '2020-07-16 22:30:00',
  'dorm_id' => '55',
  'rand_num' => '55',
)
[ info ] [ RUN ] app\api\controller\Draw->verifyResults[ D:\phpstudy_pro\WWW\CQCQ\back_end\application\api\controller\Draw.php ]
[ info ] [ DB ] INIT mysql
[ info ] [ LOG ] INIT File
[ sql ] [ DB ] CONNECT:[ UseTime:0.001606s ] mysql:host=127.0.0.1;dbname=CQCQ;charset=utf8
[ sql ] [ SQL ] SHOW COLUMNS FROM `record` [ RunTime:0.001235s ]
[ sql ] [ SQL ] DELETE FROM `record`    WHERE  `start_time` = '2020-07-16 00:30:00'  AND `end_time` = '2020-07-16 22:30:00' [ RunTime:0.000564s ]
[ sql ] [ SQL ] INSERT INTO `record` (`dorm_id` , `rand_num` , `start_time` , `end_time`) VALUES (55 , 55 , '2020-07-16 00:30:00' , '2020-07-16 22:30:00') [ RunTime:0.000289s ]
[ sql ] [ SQL ] SHOW COLUMNS FROM `dorm` [ RunTime:0.001049s ]
[ sql ] [ SQL ] SELECT `dorm_num` FROM `dorm` WHERE  `id` = 55 LIMIT 1 [ RunTime:0.000375s ]
[ sql ] [ SQL ] SHOW COLUMNS FROM `student` [ RunTime:0.001401s ]
[ sql ] [ SQL ] SELECT `id` FROM `student` WHERE  `dorm` = '东二#410' [ RunTime:0.000497s ]
[ sql ] [ SQL ] SHOW COLUMNS FROM `result` [ RunTime:0.005961s ]
[ sql ] [ SQL ] INSERT INTO `result` (`record_id` , `student_id`) VALUES (1103 , 211706130) [ RunTime:0.071743s ]
[ sql ] [ SQL ] INSERT INTO `result` (`record_id` , `student_id`) VALUES (1103 , 211706206) [ RunTime:0.026886s ]
